<?xml version="1.0" encoding="UTF-8"?>
<testng-results skipped="0" failed="0" total="1" passed="1">
  <reporter-output>
  </reporter-output>
  <suite name="Default suite" duration-ms="30846" started-at="2020-03-03T10:48:54Z" finished-at="2020-03-03T10:49:24Z">
    <groups>
    </groups>
    <test name="Default test" duration-ms="30846" started-at="2020-03-03T10:48:54Z" finished-at="2020-03-03T10:49:24Z">
      <class name="com.qait.utility.BaseClass">
        <test-method status="PASS" signature="baseMethod()[pri:0, instance:com.qait.utility.BaseClass@c7a4e4]" name="baseMethod" duration-ms="30836" started-at="2020-03-03T16:18:54Z" finished-at="2020-03-03T16:19:24Z">
          <reporter-output>
          </reporter-output>
        </test-method> <!-- baseMethod -->
      </class> <!-- com.qait.utility.BaseClass -->
    </test> <!-- Default test -->
  </suite> <!-- Default suite -->
</testng-results>
